<?xml version="1.0" encoding="UTF-8"?>
<!-- Generated by org.testng.reporters.JUnitXMLReporter -->
<testsuite ignored="1" hostname="LAPTOP-M1J8G8DR" failures="0" tests="2" name="Default test" time="0.028" errors="0" timestamp="10 May 2024 10:48:51 GMT">
  <testcase classname="com.selenium.driver.TestNG1" name="f" time="0.004"/>
  <testcase classname="com.selenium.driver.TestNG1" name="v" time="0.002"/>
  <testcase classname="com.selenium.driver.TestNG1" name="a" time="0.0">
    <ignored/>
  </testcase> <!-- a -->
</testsuite> <!-- Default test -->
